{"C:\\Users\\Administrator\\Desktop\\myCeShi\\src\\App.vue": {"path":"C:\\Users\\Administrator\\Desktop\\myCeShi\\src\\App.vue","statementMap":{"0":{"start":{"line":14,"column":0},"end":{"line":null,"column":-1}},"1":{"start":{"line":18,"column":0},"end":{"line":null,"column":-1}},"2":{"start":{"line":24,"column":0},"end":{"line":null,"column":-1}}},"fnMap":{"0":{"name":"data","decl":{"start":{"line":17,"column":0},"end":{"line":null,"column":-1}},"loc":{"start":{"line":17,"column":0},"end":{"line":21,"column":0}}},"1":{"name":"forDirection","decl":{"start":{"line":23,"column":0},"end":{"line":null,"column":-1}},"loc":{"start":{"line":23,"column":0},"end":{"line":25,"column":0}}}},"branchMap":{},"s":{"0":0,"1":0,"2":0},"f":{"0":0,"1":0},"b":{}}
,"C:\\Users\\Administrator\\Desktop\\myCeShi\\src\\common\\Httpservice.js": {"path":"C:\\Users\\Administrator\\Desktop\\myCeShi\\src\\common\\Httpservice.js","statementMap":{"0":{"start":{"line":5,"column":0},"end":{"line":null,"column":-1}},"1":{"start":{"line":6,"column":0},"end":{"line":null,"column":-1}},"2":{"start":{"line":7,"column":0},"end":{"line":null,"column":-1}},"3":{"start":{"line":12,"column":1},"end":{"line":14,"column":2}},"4":{"start":{"line":13,"column":2},"end":{"line":null,"column":-1}},"5":{"start":{"line":15,"column":1},"end":{"line":null,"column":-1}},"6":{"start":{"line":16,"column":2},"end":{"line":null,"column":-1}},"7":{"start":{"line":23,"column":3},"end":{"line":25,"column":4}},"8":{"start":{"line":24,"column":4},"end":{"line":null,"column":-1}},"9":{"start":{"line":26,"column":3},"end":{"line":null,"column":-1}},"10":{"start":{"line":28,"column":3},"end":{"line":30,"column":4}},"11":{"start":{"line":29,"column":4},"end":{"line":null,"column":-1}},"12":{"start":{"line":33,"column":3},"end":{"line":35,"column":4}},"13":{"start":{"line":34,"column":4},"end":{"line":null,"column":-1}},"14":{"start":{"line":36,"column":3},"end":{"line":null,"column":-1}}},"fnMap":{"0":{"name":"GetMethod","decl":{"start":{"line":11,"column":16},"end":{"line":11,"column":7}},"loc":{"start":{"line":11,"column":49},"end":{"line":39,"column":1}}},"1":{"name":"(anonymous_2)","decl":{"start":{"line":15,"column":20},"end":{"line":15,"column":20}},"loc":{"start":{"line":15,"column":41},"end":{"line":15,"column":8}}},"2":{"name":"(anonymous_3)","decl":{"start":{"line":22,"column":8},"end":{"line":22,"column":19}},"loc":{"start":{"line":22,"column":20},"end":{"line":16,"column":2}}},"3":{"name":"(anonymous_4)","decl":{"start":{"line":27,"column":5},"end":{"line":27,"column":11}},"loc":{"start":{"line":27,"column":12},"end":{"line":16,"column":2}}},"4":{"name":"(anonymous_5)","decl":{"start":{"line":32,"column":9},"end":{"line":32,"column":15}},"loc":{"start":{"line":32,"column":16},"end":{"line":16,"column":2}}}},"branchMap":{"0":{"loc":{"start":{"line":12,"column":1},"end":{"line":14,"column":2}},"type":"if","locations":[{"start":{"line":12,"column":1},"end":{"line":14,"column":2}},{"start":{"line":12,"column":1},"end":{"line":14,"column":2}}]},"1":{"loc":{"start":{"line":23,"column":3},"end":{"line":25,"column":4}},"type":"if","locations":[{"start":{"line":23,"column":3},"end":{"line":25,"column":4}},{"start":{"line":23,"column":3},"end":{"line":25,"column":4}}]},"2":{"loc":{"start":{"line":28,"column":3},"end":{"line":30,"column":4}},"type":"if","locations":[{"start":{"line":28,"column":3},"end":{"line":30,"column":4}},{"start":{"line":28,"column":3},"end":{"line":30,"column":4}}]},"3":{"loc":{"start":{"line":33,"column":3},"end":{"line":35,"column":4}},"type":"if","locations":[{"start":{"line":33,"column":3},"end":{"line":35,"column":4}},{"start":{"line":33,"column":3},"end":{"line":35,"column":4}}]}},"s":{"0":0,"1":0,"2":0,"3":0,"4":0,"5":0,"6":0,"7":0,"8":0,"9":0,"10":0,"11":0,"12":0,"13":0,"14":0},"f":{"0":0,"1":0,"2":0,"3":0,"4":0},"b":{"0":[0,0],"1":[0,0],"2":[0,0],"3":[0,0]}}
,"C:\\Users\\Administrator\\Desktop\\myCeShi\\src\\common\\Tool.js": {"path":"C:\\Users\\Administrator\\Desktop\\myCeShi\\src\\common\\Tool.js","statementMap":{"0":{"start":{"line":4,"column":0},"end":{"line":null,"column":-1}},"1":{"start":{"line":5,"column":0},"end":{"line":null,"column":-1}},"2":{"start":{"line":10,"column":11},"end":{"line":10,"column":7}},"3":{"start":{"line":22,"column":2},"end":{"line":null,"column":-1}},"4":{"start":{"line":28,"column":3},"end":{"line":36,"column":4}},"5":{"start":{"line":29,"column":4},"end":{"line":31,"column":5}},"6":{"start":{"line":30,"column":5},"end":{"line":null,"column":-1}},"7":{"start":{"line":33,"column":4},"end":{"line":35,"column":5}},"8":{"start":{"line":34,"column":5},"end":{"line":null,"column":-1}},"9":{"start":{"line":43,"column":2},"end":{"line":null,"column":-1}},"10":{"start":{"line":44,"column":3},"end":{"line":52,"column":4}},"11":{"start":{"line":45,"column":4},"end":{"line":47,"column":5}},"12":{"start":{"line":46,"column":5},"end":{"line":null,"column":-1}},"13":{"start":{"line":49,"column":4},"end":{"line":51,"column":5}},"14":{"start":{"line":50,"column":5},"end":{"line":null,"column":-1}},"15":{"start":{"line":62,"column":2},"end":{"line":null,"column":-1}},"16":{"start":{"line":69,"column":2},"end":{"line":null,"column":-1}},"17":{"start":{"line":73,"column":17},"end":{"line":73,"column":2}},"18":{"start":{"line":76,"column":2},"end":{"line":null,"column":-1}},"19":{"start":{"line":77,"column":2},"end":{"line":null,"column":-1}},"20":{"start":{"line":78,"column":3},"end":{"line":null,"column":-1}},"21":{"start":{"line":84,"column":2},"end":{"line":null,"column":-1}},"22":{"start":{"line":85,"column":10},"end":{"line":85,"column":2}},"23":{"start":{"line":94,"column":2},"end":{"line":96,"column":3}},"24":{"start":{"line":95,"column":3},"end":{"line":null,"column":-1}},"25":{"start":{"line":97,"column":2},"end":{"line":101,"column":3}},"26":{"start":{"line":98,"column":3},"end":{"line":100,"column":4}},"27":{"start":{"line":99,"column":4},"end":{"line":null,"column":-1}},"28":{"start":{"line":102,"column":2},"end":{"line":null,"column":-1}},"29":{"start":{"line":112,"column":2},"end":{"line":null,"column":-1}},"30":{"start":{"line":113,"column":14},"end":{"line":113,"column":2}},"31":{"start":{"line":114,"column":9},"end":{"line":113,"column":2}},"32":{"start":{"line":115,"column":12},"end":{"line":113,"column":2}},"33":{"start":{"line":116,"column":12},"end":{"line":113,"column":2}},"34":{"start":{"line":117,"column":14},"end":{"line":113,"column":2}},"35":{"start":{"line":118,"column":13},"end":{"line":113,"column":2}},"36":{"start":{"line":119,"column":2},"end":{"line":null,"column":-1}},"37":{"start":{"line":121,"column":4},"end":{"line":null,"column":-1}},"38":{"start":{"line":122,"column":4},"end":{"line":null,"column":-1}},"39":{"start":{"line":123,"column":4},"end":{"line":null,"column":-1}},"40":{"start":{"line":125,"column":4},"end":{"line":null,"column":-1}},"41":{"start":{"line":126,"column":4},"end":{"line":null,"column":-1}},"42":{"start":{"line":127,"column":4},"end":{"line":null,"column":-1}},"43":{"start":{"line":129,"column":4},"end":{"line":null,"column":-1}},"44":{"start":{"line":130,"column":4},"end":{"line":null,"column":-1}},"45":{"start":{"line":131,"column":4},"end":{"line":null,"column":-1}},"46":{"start":{"line":133,"column":4},"end":{"line":null,"column":-1}},"47":{"start":{"line":134,"column":4},"end":{"line":null,"column":-1}},"48":{"start":{"line":135,"column":4},"end":{"line":null,"column":-1}},"49":{"start":{"line":137,"column":4},"end":{"line":null,"column":-1}},"50":{"start":{"line":138,"column":4},"end":{"line":null,"column":-1}},"51":{"start":{"line":139,"column":4},"end":{"line":119,"column":2}},"52":{"start":{"line":141,"column":2},"end":{"line":144,"column":3}},"53":{"start":{"line":142,"column":3},"end":{"line":null,"column":-1}},"54":{"start":{"line":143,"column":3},"end":{"line":null,"column":-1}},"55":{"start":{"line":145,"column":2},"end":{"line":null,"column":-1}},"56":{"start":{"line":151,"column":33},"end":{"line":null,"column":-1}},"57":{"start":{"line":152,"column":2},"end":{"line":null,"column":-1}},"58":{"start":{"line":153,"column":3},"end":{"line":null,"column":-1}}},"fnMap":{"0":{"name":"alert","decl":{"start":{"line":21,"column":8},"end":{"line":21,"column":16}},"loc":{"start":{"line":21,"column":73},"end":{"line":10,"column":18}}},"1":{"name":"(anonymous_2)","decl":{"start":{"line":27,"column":10},"end":{"line":27,"column":19}},"loc":{"start":{"line":27,"column":20},"end":{"line":22,"column":2}}},"2":{"name":"prompt","decl":{"start":{"line":42,"column":9},"end":{"line":42,"column":17}},"loc":{"start":{"line":42,"column":48},"end":{"line":10,"column":18}}},"3":{"name":"(anonymous_4)","decl":{"start":{"line":43,"column":26},"end":{"line":43,"column":35}},"loc":{"start":{"line":43,"column":36},"end":{"line":43,"column":2}}},"4":{"name":"loading","decl":{"start":{"line":61,"column":10},"end":{"line":61,"column":18}},"loc":{"start":{"line":61,"column":39},"end":{"line":10,"column":18}}},"5":{"name":"close","decl":{"start":{"line":68,"column":8},"end":{"line":68,"column":18}},"loc":{"start":{"line":68,"column":19},"end":{"line":10,"column":18}}},"6":{"name":"tip","decl":{"start":{"line":72,"column":6},"end":{"line":72,"column":14}},"loc":{"start":{"line":72,"column":34},"end":{"line":10,"column":18}}},"7":{"name":"(anonymous_8)","decl":{"start":{"line":77,"column":13},"end":{"line":77,"column":18}},"loc":{"start":{"line":77,"column":19},"end":{"line":77,"column":2}}},"8":{"name":"formate","decl":{"start":{"line":83,"column":10},"end":{"line":83,"column":18}},"loc":{"start":{"line":83,"column":33},"end":{"line":10,"column":18}}},"9":{"name":"timeslot","decl":{"start":{"line":111,"column":11},"end":{"line":111,"column":19}},"loc":{"start":{"line":111,"column":48},"end":{"line":10,"column":18}}},"10":{"name":"myscrollTop","decl":{"start":{"line":151,"column":14},"end":{"line":151,"column":22}},"loc":{"start":{"line":151,"column":33},"end":{"line":10,"column":18}}},"11":{"name":"(anonymous_12)","decl":{"start":{"line":152,"column":17},"end":{"line":152,"column":22}},"loc":{"start":{"line":152,"column":23},"end":{"line":152,"column":2}}}},"branchMap":{"0":{"loc":{"start":{"line":23,"column":10},"end":{"line":23,"column":18}},"type":"binary-expr","locations":[{"start":{"line":23,"column":10},"end":{"line":23,"column":18}},{"start":{"line":23,"column":19},"end":{"line":22,"column":13}}]},"1":{"loc":{"start":{"line":28,"column":3},"end":{"line":36,"column":4}},"type":"if","locations":[{"start":{"line":28,"column":3},"end":{"line":36,"column":4}},{"start":{"line":28,"column":3},"end":{"line":36,"column":4}}]},"2":{"loc":{"start":{"line":29,"column":4},"end":{"line":31,"column":5}},"type":"if","locations":[{"start":{"line":29,"column":4},"end":{"line":31,"column":5}},{"start":{"line":29,"column":4},"end":{"line":31,"column":5}}]},"3":{"loc":{"start":{"line":33,"column":4},"end":{"line":35,"column":5}},"type":"if","locations":[{"start":{"line":33,"column":4},"end":{"line":35,"column":5}},{"start":{"line":33,"column":4},"end":{"line":35,"column":5}}]},"4":{"loc":{"start":{"line":44,"column":3},"end":{"line":52,"column":4}},"type":"if","locations":[{"start":{"line":44,"column":3},"end":{"line":52,"column":4}},{"start":{"line":44,"column":3},"end":{"line":52,"column":4}}]},"5":{"loc":{"start":{"line":45,"column":4},"end":{"line":47,"column":5}},"type":"if","locations":[{"start":{"line":45,"column":4},"end":{"line":47,"column":5}},{"start":{"line":45,"column":4},"end":{"line":47,"column":5}}]},"6":{"loc":{"start":{"line":49,"column":4},"end":{"line":51,"column":5}},"type":"if","locations":[{"start":{"line":49,"column":4},"end":{"line":51,"column":5}},{"start":{"line":49,"column":4},"end":{"line":51,"column":5}}]},"7":{"loc":{"start":{"line":63,"column":9},"end":{"line":63,"column":17}},"type":"binary-expr","locations":[{"start":{"line":63,"column":9},"end":{"line":63,"column":17}},{"start":{"line":63,"column":18},"end":{"line":62,"column":17}}]},"8":{"loc":{"start":{"line":64,"column":16},"end":{"line":64,"column":30}},"type":"binary-expr","locations":[{"start":{"line":64,"column":16},"end":{"line":64,"column":30}},{"start":{"line":64,"column":31},"end":{"line":62,"column":17}}]},"9":{"loc":{"start":{"line":76,"column":24},"end":{"line":76,"column":13}},"type":"cond-expr","locations":[{"start":{"line":76,"column":24},"end":{"line":76,"column":13}},{"start":{"line":76,"column":35},"end":{"line":76,"column":2}}]},"10":{"loc":{"start":{"line":94,"column":2},"end":{"line":96,"column":3}},"type":"if","locations":[{"start":{"line":94,"column":2},"end":{"line":96,"column":3}},{"start":{"line":94,"column":2},"end":{"line":96,"column":3}}]},"11":{"loc":{"start":{"line":98,"column":3},"end":{"line":100,"column":4}},"type":"if","locations":[{"start":{"line":98,"column":3},"end":{"line":100,"column":4}},{"start":{"line":98,"column":3},"end":{"line":100,"column":4}}]},"12":{"loc":{"start":{"line":99,"column":63},"end":{"line":99,"column":39}},"type":"cond-expr","locations":[{"start":{"line":99,"column":63},"end":{"line":99,"column":39}},{"start":{"line":99,"column":70},"end":{"line":99,"column":13}}]},"13":{"loc":{"start":{"line":120,"column":3},"end":{"line":123,"column":4}},"type":"switch","locations":[{"start":{"line":120,"column":3},"end":{"line":123,"column":4}},{"start":{"line":124,"column":3},"end":{"line":127,"column":4}},{"start":{"line":128,"column":3},"end":{"line":131,"column":4}},{"start":{"line":132,"column":3},"end":{"line":135,"column":4}},{"start":{"line":136,"column":3},"end":{"line":119,"column":2}}]},"14":{"loc":{"start":{"line":141,"column":2},"end":{"line":144,"column":3}},"type":"if","locations":[{"start":{"line":141,"column":2},"end":{"line":144,"column":3}},{"start":{"line":141,"column":2},"end":{"line":144,"column":3}}]}},"s":{"0":0,"1":0,"2":0,"3":0,"4":0,"5":0,"6":0,"7":0,"8":0,"9":0,"10":0,"11":0,"12":0,"13":0,"14":0,"15":0,"16":0,"17":0,"18":0,"19":0,"20":0,"21":0,"22":0,"23":0,"24":0,"25":0,"26":0,"27":0,"28":0,"29":0,"30":0,"31":0,"32":0,"33":0,"34":0,"35":0,"36":0,"37":0,"38":0,"39":0,"40":0,"41":0,"42":0,"43":0,"44":0,"45":0,"46":0,"47":0,"48":0,"49":0,"50":0,"51":0,"52":0,"53":0,"54":0,"55":0,"56":0,"57":0,"58":0},"f":{"0":0,"1":0,"2":0,"3":0,"4":0,"5":0,"6":0,"7":0,"8":0,"9":0,"10":0,"11":0},"b":{"0":[0,0],"1":[0,0],"2":[0,0],"3":[0,0],"4":[0,0],"5":[0,0],"6":[0,0],"7":[0,0],"8":[0,0],"9":[0,0],"10":[0,0],"11":[0,0],"12":[0,0],"13":[0,0,0,0,0],"14":[0,0]}}
,"C:\\Users\\Administrator\\Desktop\\myCeShi\\src\\common\\rem.js": {"path":"C:\\Users\\Administrator\\Desktop\\myCeShi\\src\\common\\rem.js","statementMap":{"0":{"start":{"line":1,"column":0},"end":{"line":null,"column":-1}},"1":{"start":{"line":2,"column":16},"end":{"line":2,"column":4}},"2":{"start":{"line":3,"column":20},"end":{"line":2,"column":4}},"3":{"start":{"line":4,"column":22},"end":{"line":2,"column":4}},"4":{"start":{"line":5,"column":17},"end":{"line":2,"column":4}},"5":{"start":{"line":6,"column":12},"end":{"line":10,"column":13}},"6":{"start":{"line":7,"column":16},"end":{"line":null,"column":-1}},"7":{"start":{"line":8,"column":16},"end":{"line":8,"column":34}},"8":{"start":{"line":8,"column":34},"end":{"line":null,"column":-1}},"9":{"start":{"line":9,"column":16},"end":{"line":null,"column":-1}},"10":{"start":{"line":12,"column":4},"end":{"line":12,"column":31}},"11":{"start":{"line":12,"column":31},"end":{"line":null,"column":-1}},"12":{"start":{"line":13,"column":4},"end":{"line":null,"column":-1}},"13":{"start":{"line":14,"column":4},"end":{"line":null,"column":-1}}},"fnMap":{"0":{"name":"(anonymous_0)","decl":{"start":{"line":1,"column":1},"end":{"line":1,"column":9}},"loc":{"start":{"line":1,"column":20},"end":{"line":1,"column":0}}},"1":{"name":"recalc","decl":{"start":{"line":5,"column":8},"end":{"line":5,"column":17}},"loc":{"start":{"line":5,"column":28},"end":{"line":2,"column":4}}}},"branchMap":{"0":{"loc":{"start":{"line":3,"column":52},"end":{"line":3,"column":20}},"type":"cond-expr","locations":[{"start":{"line":3,"column":52},"end":{"line":3,"column":20}},{"start":{"line":3,"column":74},"end":{"line":2,"column":4}}]},"1":{"loc":{"start":{"line":6,"column":12},"end":{"line":10,"column":13}},"type":"if","locations":[{"start":{"line":6,"column":12},"end":{"line":10,"column":13}},{"start":{"line":6,"column":12},"end":{"line":10,"column":13}}]},"2":{"loc":{"start":{"line":8,"column":16},"end":{"line":8,"column":34}},"type":"if","locations":[{"start":{"line":8,"column":16},"end":{"line":8,"column":34}},{"start":{"line":8,"column":16},"end":{"line":8,"column":34}}]},"3":{"loc":{"start":{"line":12,"column":4},"end":{"line":12,"column":31}},"type":"if","locations":[{"start":{"line":12,"column":4},"end":{"line":12,"column":31}},{"start":{"line":12,"column":4},"end":{"line":12,"column":31}}]}},"s":{"0":0,"1":0,"2":0,"3":0,"4":0,"5":0,"6":0,"7":0,"8":0,"9":0,"10":0,"11":0,"12":0,"13":0},"f":{"0":0,"1":0},"b":{"0":[0,0],"1":[0,0],"2":[0,0],"3":[0,0]}}
,"C:\\Users\\Administrator\\Desktop\\myCeShi\\src\\components\\header.vue": {"path":"C:\\Users\\Administrator\\Desktop\\myCeShi\\src\\components\\header.vue","statementMap":{"0":{"start":{"line":12,"column":0},"end":{"line":null,"column":-1}},"1":{"start":{"line":15,"column":0},"end":{"line":null,"column":-1}},"2":{"start":{"line":26,"column":0},"end":{"line":null,"column":-1}},"3":{"start":{"line":29,"column":0},"end":{"line":null,"column":-1}},"4":{"start":{"line":32,"column":0},"end":{"line":null,"column":-1}},"5":{"start":{"line":33,"column":0},"end":{"line":null,"column":-1}}},"fnMap":{"0":{"name":"data","decl":{"start":{"line":14,"column":0},"end":{"line":null,"column":-1}},"loc":{"start":{"line":14,"column":0},"end":{"line":16,"column":0}}},"1":{"name":"goBack","decl":{"start":{"line":25,"column":0},"end":{"line":null,"column":-1}},"loc":{"start":{"line":25,"column":0},"end":{"line":27,"column":0}}},"2":{"name":"Refresh","decl":{"start":{"line":28,"column":0},"end":{"line":null,"column":-1}},"loc":{"start":{"line":28,"column":0},"end":{"line":30,"column":0}}},"3":{"name":"Finish","decl":{"start":{"line":31,"column":0},"end":{"line":null,"column":-1}},"loc":{"start":{"line":31,"column":0},"end":{"line":34,"column":0}}}},"branchMap":{},"s":{"0":0,"1":0,"2":0,"3":0,"4":0,"5":0},"f":{"0":0,"1":0,"2":0,"3":0},"b":{}}
,"C:\\Users\\Administrator\\Desktop\\myCeShi\\src\\pages\\onePage.vue": {"path":"C:\\Users\\Administrator\\Desktop\\myCeShi\\src\\pages\\onePage.vue","statementMap":{"0":{"start":{"line":20,"column":0},"end":{"line":null,"column":-1}},"1":{"start":{"line":21,"column":0},"end":{"line":null,"column":-1}},"2":{"start":{"line":23,"column":0},"end":{"line":null,"column":-1}},"3":{"start":{"line":27,"column":0},"end":{"line":null,"column":-1}},"4":{"start":{"line":39,"column":0},"end":{"line":null,"column":-1}},"5":{"start":{"line":42,"column":0},"end":{"line":null,"column":-1}},"6":{"start":{"line":45,"column":0},"end":{"line":47,"column":0}},"7":{"start":{"line":46,"column":0},"end":{"line":null,"column":-1}}},"fnMap":{"0":{"name":"data","decl":{"start":{"line":26,"column":0},"end":{"line":null,"column":-1}},"loc":{"start":{"line":26,"column":0},"end":{"line":30,"column":0}}},"1":{"name":"goQWE","decl":{"start":{"line":38,"column":0},"end":{"line":null,"column":-1}},"loc":{"start":{"line":38,"column":0},"end":{"line":40,"column":0}}},"2":{"name":"savaOneValue","decl":{"start":{"line":41,"column":0},"end":{"line":null,"column":-1}},"loc":{"start":{"line":41,"column":0},"end":{"line":43,"column":0}}},"3":{"name":"getData","decl":{"start":{"line":44,"column":0},"end":{"line":null,"column":-1}},"loc":{"start":{"line":44,"column":0},"end":{"line":48,"column":0}}},"4":{"name":"(anonymous_6)","decl":{"start":{"line":45,"column":0},"end":{"line":null,"column":-1}},"loc":{"start":{"line":45,"column":0},"end":{"line":47,"column":0}}},"5":{"name":"mounted","decl":{"start":{"line":50,"column":0},"end":{"line":null,"column":-1}},"loc":{"start":{"line":50,"column":0},"end":{"line":null,"column":-1}}}},"branchMap":{},"s":{"0":0,"1":0,"2":0,"3":0,"4":0,"5":0,"6":0,"7":0},"f":{"0":0,"1":0,"2":0,"3":0,"4":0,"5":0},"b":{}}
,"C:\\Users\\Administrator\\Desktop\\myCeShi\\src\\pages\\threePage.vue": {"path":"C:\\Users\\Administrator\\Desktop\\myCeShi\\src\\pages\\threePage.vue","statementMap":{"0":{"start":{"line":16,"column":0},"end":{"line":null,"column":-1}}},"fnMap":{"0":{"name":"data","decl":{"start":{"line":15,"column":0},"end":{"line":null,"column":-1}},"loc":{"start":{"line":15,"column":0},"end":{"line":17,"column":0}}}},"branchMap":{},"s":{"0":0},"f":{"0":0},"b":{}}
,"C:\\Users\\Administrator\\Desktop\\myCeShi\\src\\pages\\twoPage.vue": {"path":"C:\\Users\\Administrator\\Desktop\\myCeShi\\src\\pages\\twoPage.vue","statementMap":{"0":{"start":{"line":10,"column":0},"end":{"line":null,"column":-1}},"1":{"start":{"line":11,"column":0},"end":{"line":null,"column":-1}},"2":{"start":{"line":15,"column":0},"end":{"line":null,"column":-1}},"3":{"start":{"line":24,"column":0},"end":{"line":null,"column":-1}},"4":{"start":{"line":28,"column":0},"end":{"line":null,"column":-1}}},"fnMap":{"0":{"name":"data","decl":{"start":{"line":14,"column":0},"end":{"line":null,"column":-1}},"loc":{"start":{"line":14,"column":0},"end":{"line":16,"column":0}}},"1":{"name":"goThree","decl":{"start":{"line":23,"column":0},"end":{"line":null,"column":-1}},"loc":{"start":{"line":23,"column":0},"end":{"line":25,"column":0}}},"2":{"name":"mounted","decl":{"start":{"line":27,"column":0},"end":{"line":null,"column":-1}},"loc":{"start":{"line":27,"column":0},"end":{"line":29,"column":0}}}},"branchMap":{},"s":{"0":0,"1":0,"2":0,"3":0,"4":0},"f":{"0":0,"1":0,"2":0},"b":{}}
,"C:\\Users\\Administrator\\Desktop\\myCeShi\\src\\vuex\\store.js": {"path":"C:\\Users\\Administrator\\Desktop\\myCeShi\\src\\vuex\\store.js","statementMap":{"0":{"start":{"line":1,"column":0},"end":{"line":null,"column":-1}},"1":{"start":{"line":2,"column":0},"end":{"line":null,"column":-1}},"2":{"start":{"line":3,"column":0},"end":{"line":null,"column":-1}},"3":{"start":{"line":5,"column":0},"end":{"line":null,"column":-1}},"4":{"start":{"line":7,"column":14},"end":{"line":7,"column":0}},"5":{"start":{"line":13,"column":16},"end":{"line":13,"column":0}},"6":{"start":{"line":17,"column":16},"end":{"line":17,"column":0}},"7":{"start":{"line":18,"column":12},"end":{"line":17,"column":15}},"8":{"start":{"line":19,"column":14},"end":{"line":17,"column":15}},"9":{"start":{"line":20,"column":14},"end":{"line":17,"column":15}},"10":{"start":{"line":23,"column":6},"end":{"line":23,"column":-1}},"11":{"start":{"line":25,"column":2},"end":{"line":null,"column":-1}},"12":{"start":{"line":28,"column":2},"end":{"line":32,"column":3}},"13":{"start":{"line":29,"column":3},"end":{"line":null,"column":-1}},"14":{"start":{"line":31,"column":3},"end":{"line":null,"column":-1}},"15":{"start":{"line":34,"column":46},"end":{"line":null,"column":-1}},"16":{"start":{"line":35,"column":2},"end":{"line":null,"column":-1}}},"fnMap":{"0":{"name":"direction","decl":{"start":{"line":18,"column":12},"end":{"line":18,"column":20}},"loc":{"start":{"line":18,"column":12},"end":{"line":17,"column":16}}},"1":{"name":"includePage","decl":{"start":{"line":19,"column":14},"end":{"line":19,"column":22}},"loc":{"start":{"line":19,"column":14},"end":{"line":17,"column":16}}},"2":{"name":"saveOneValue","decl":{"start":{"line":20,"column":14},"end":{"line":20,"column":22}},"loc":{"start":{"line":20,"column":14},"end":{"line":17,"column":16}}},"3":{"name":"(anonymous_5)","decl":{"start":{"line":23,"column":6},"end":{"line":24,"column":26}},"loc":{"start":{"line":24,"column":45},"end":{"line":23,"column":6}}},"4":{"name":"(anonymous_6)","decl":{"start":{"line":23,"column":6},"end":{"line":27,"column":29}},"loc":{"start":{"line":27,"column":42},"end":{"line":23,"column":6}}},"5":{"name":"(anonymous_7)","decl":{"start":{"line":23,"column":6},"end":{"line":34,"column":29}},"loc":{"start":{"line":34,"column":45},"end":{"line":23,"column":6}}}},"branchMap":{"0":{"loc":{"start":{"line":28,"column":2},"end":{"line":32,"column":3}},"type":"if","locations":[{"start":{"line":28,"column":2},"end":{"line":32,"column":3}},{"start":{"line":28,"column":2},"end":{"line":32,"column":3}}]}},"s":{"0":0,"1":0,"2":0,"3":0,"4":0,"5":0,"6":0,"7":0,"8":0,"9":0,"10":0,"11":0,"12":0,"13":0,"14":0,"15":0,"16":0},"f":{"0":0,"1":0,"2":0,"3":0,"4":0,"5":0},"b":{"0":[0,0]}}
,"C:\\Users\\Administrator\\Desktop\\myCeShi\\src\\vuex\\types.js": {"path":"C:\\Users\\Administrator\\Desktop\\myCeShi\\src\\vuex\\types.js","statementMap":{"0":{"start":{"line":2,"column":13},"end":{"line":2,"column":7}},"1":{"start":{"line":4,"column":13},"end":{"line":4,"column":7}},"2":{"start":{"line":6,"column":13},"end":{"line":6,"column":7}}},"fnMap":{},"branchMap":{},"s":{"0":0,"1":0,"2":0},"f":{},"b":{}}
}
