TN:
SF:C:\Users\Administrator\Desktop\myCeShi\src\App.vue
FN:17,data
FN:23,forDirection
FNF:2
FNH:0
FNDA:0,data
FNDA:0,forDirection
DA:14,0
DA:18,0
DA:24,0
LF:3
LH:0
BRF:0
BRH:0
end_of_record
TN:
SF:C:\Users\Administrator\Desktop\myCeShi\src\common\Httpservice.js
FN:11,GetMethod
FN:15,(anonymous_2)
FN:22,(anonymous_3)
FN:27,(anonymous_4)
FN:32,(anonymous_5)
FNF:5
FNH:0
FNDA:0,GetMethod
FNDA:0,(anonymous_2)
FNDA:0,(anonymous_3)
FNDA:0,(anonymous_4)
FNDA:0,(anonymous_5)
DA:5,0
DA:6,0
DA:7,0
DA:12,0
DA:13,0
DA:15,0
DA:16,0
DA:23,0
DA:24,0
DA:26,0
DA:28,0
DA:29,0
DA:33,0
DA:34,0
DA:36,0
LF:15
LH:0
BRDA:12,0,0,0
BRDA:12,0,1,0
BRDA:23,1,0,0
BRDA:23,1,1,0
BRDA:28,2,0,0
BRDA:28,2,1,0
BRDA:33,3,0,0
BRDA:33,3,1,0
BRF:8
BRH:0
end_of_record
TN:
SF:C:\Users\Administrator\Desktop\myCeShi\src\common\Tool.js
FN:21,alert
FN:27,(anonymous_2)
FN:42,prompt
FN:43,(anonymous_4)
FN:61,loading
FN:68,close
FN:72,tip
FN:77,(anonymous_8)
FN:83,formate
FN:111,timeslot
FN:151,myscrollTop
FN:152,(anonymous_12)
FNF:12
FNH:0
FNDA:0,alert
FNDA:0,(anonymous_2)
FNDA:0,prompt
FNDA:0,(anonymous_4)
FNDA:0,loading
FNDA:0,close
FNDA:0,tip
FNDA:0,(anonymous_8)
FNDA:0,formate
FNDA:0,timeslot
FNDA:0,myscrollTop
FNDA:0,(anonymous_12)
DA:4,0
DA:5,0
DA:10,0
DA:22,0
DA:28,0
DA:29,0
DA:30,0
DA:33,0
DA:34,0
DA:43,0
DA:44,0
DA:45,0
DA:46,0
DA:49,0
DA:50,0
DA:62,0
DA:69,0
DA:73,0
DA:76,0
DA:77,0
DA:78,0
DA:84,0
DA:85,0
DA:94,0
DA:95,0
DA:97,0
DA:98,0
DA:99,0
DA:102,0
DA:112,0
DA:113,0
DA:114,0
DA:115,0
DA:116,0
DA:117,0
DA:118,0
DA:119,0
DA:121,0
DA:122,0
DA:123,0
DA:125,0
DA:126,0
DA:127,0
DA:129,0
DA:130,0
DA:131,0
DA:133,0
DA:134,0
DA:135,0
DA:137,0
DA:138,0
DA:139,0
DA:141,0
DA:142,0
DA:143,0
DA:145,0
DA:151,0
DA:152,0
DA:153,0
LF:59
LH:0
BRDA:23,0,0,0
BRDA:23,0,1,0
BRDA:28,1,0,0
BRDA:28,1,1,0
BRDA:29,2,0,0
BRDA:29,2,1,0
BRDA:33,3,0,0
BRDA:33,3,1,0
BRDA:44,4,0,0
BRDA:44,4,1,0
BRDA:45,5,0,0
BRDA:45,5,1,0
BRDA:49,6,0,0
BRDA:49,6,1,0
BRDA:63,7,0,0
BRDA:63,7,1,0
BRDA:64,8,0,0
BRDA:64,8,1,0
BRDA:76,9,0,0
BRDA:76,9,1,0
BRDA:94,10,0,0
BRDA:94,10,1,0
BRDA:98,11,0,0
BRDA:98,11,1,0
BRDA:99,12,0,0
BRDA:99,12,1,0
BRDA:120,13,0,0
BRDA:120,13,1,0
BRDA:120,13,2,0
BRDA:120,13,3,0
BRDA:120,13,4,0
BRDA:141,14,0,0
BRDA:141,14,1,0
BRF:33
BRH:0
end_of_record
TN:
SF:C:\Users\Administrator\Desktop\myCeShi\src\common\rem.js
FN:1,(anonymous_0)
FN:5,recalc
FNF:2
FNH:0
FNDA:0,(anonymous_0)
FNDA:0,recalc
DA:1,0
DA:2,0
DA:3,0
DA:4,0
DA:5,0
DA:6,0
DA:7,0
DA:8,0
DA:9,0
DA:12,0
DA:13,0
DA:14,0
LF:12
LH:0
BRDA:3,0,0,0
BRDA:3,0,1,0
BRDA:6,1,0,0
BRDA:6,1,1,0
BRDA:8,2,0,0
BRDA:8,2,1,0
BRDA:12,3,0,0
BRDA:12,3,1,0
BRF:8
BRH:0
end_of_record
TN:
SF:C:\Users\Administrator\Desktop\myCeShi\src\components\header.vue
FN:14,data
FN:25,goBack
FN:28,Refresh
FN:31,Finish
FNF:4
FNH:0
FNDA:0,data
FNDA:0,goBack
FNDA:0,Refresh
FNDA:0,Finish
DA:12,0
DA:15,0
DA:26,0
DA:29,0
DA:32,0
DA:33,0
LF:6
LH:0
BRF:0
BRH:0
end_of_record
TN:
SF:C:\Users\Administrator\Desktop\myCeShi\src\pages\onePage.vue
FN:26,data
FN:38,goQWE
FN:41,savaOneValue
FN:44,getData
FN:45,(anonymous_6)
FN:50,mounted
FNF:6
FNH:0
FNDA:0,data
FNDA:0,goQWE
FNDA:0,savaOneValue
FNDA:0,getData
FNDA:0,(anonymous_6)
FNDA:0,mounted
DA:20,0
DA:21,0
DA:23,0
DA:27,0
DA:39,0
DA:42,0
DA:45,0
DA:46,0
LF:8
LH:0
BRF:0
BRH:0
end_of_record
TN:
SF:C:\Users\Administrator\Desktop\myCeShi\src\pages\threePage.vue
FN:15,data
FNF:1
FNH:0
FNDA:0,data
DA:16,0
LF:1
LH:0
BRF:0
BRH:0
end_of_record
TN:
SF:C:\Users\Administrator\Desktop\myCeShi\src\pages\twoPage.vue
FN:14,data
FN:23,goThree
FN:27,mounted
FNF:3
FNH:0
FNDA:0,data
FNDA:0,goThree
FNDA:0,mounted
DA:10,0
DA:11,0
DA:15,0
DA:24,0
DA:28,0
LF:5
LH:0
BRF:0
BRH:0
end_of_record
TN:
SF:C:\Users\Administrator\Desktop\myCeShi\src\vuex\store.js
FN:18,direction
FN:19,includePage
FN:20,saveOneValue
FN:23,(anonymous_5)
FN:23,(anonymous_6)
FN:23,(anonymous_7)
FNF:6
FNH:0
FNDA:0,direction
FNDA:0,includePage
FNDA:0,saveOneValue
FNDA:0,(anonymous_5)
FNDA:0,(anonymous_6)
FNDA:0,(anonymous_7)
DA:1,0
DA:2,0
DA:3,0
DA:5,0
DA:7,0
DA:13,0
DA:17,0
DA:18,0
DA:19,0
DA:20,0
DA:23,0
DA:25,0
DA:28,0
DA:29,0
DA:31,0
DA:34,0
DA:35,0
LF:17
LH:0
BRDA:28,0,0,0
BRDA:28,0,1,0
BRF:2
BRH:0
end_of_record
TN:
SF:C:\Users\Administrator\Desktop\myCeShi\src\vuex\types.js
FNF:0
FNH:0
DA:2,0
DA:4,0
DA:6,0
LF:3
LH:0
BRF:0
BRH:0
end_of_record
